2023-05-12T04:32:54.501967942Z SYSTEM: Preparing env...
2023-05-12T04:32:55.070200392Z SYSTEM: Running...
2023-05-12T04:32:58.948061212Z 调整前图片的尺寸: (257, 495, 3)
2023-05-12T04:32:58.948728711Z 调整前图片的尺寸: (50, 50, 3)
2023-05-12T04:32:59.062159723Z 0 
2023-05-12T04:32:59.067746606Z feature: tensor([[[0., 0., 0.,  ..., 0., 0., 0.],
2023-05-12T04:32:59.06778229Z          [0., 0., 0.,  ..., 0., 0., 0.],
2023-05-12T04:32:59.067792656Z          [0., 0., 0.,  ..., 0., 0., 0.],
2023-05-12T04:32:59.067802011Z          ...,
2023-05-12T04:32:59.067810632Z          [0., 0., 0.,  ..., 0., 0., 0.],
2023-05-12T04:32:59.06781929Z          [0., 0., 0.,  ..., 0., 0., 0.],
2023-05-12T04:32:59.067827581Z          [0., 0., 0.,  ..., 0., 0., 0.]],
2023-05-12T04:32:59.06783633Z 
2023-05-12T04:32:59.067844451Z         [[0., 0., 0.,  ..., 0., 0., 0.],
2023-05-12T04:32:59.067852793Z          [0., 0., 0.,  ..., 0., 0., 0.],
2023-05-12T04:32:59.067861187Z          [0., 0., 0.,  ..., 0., 0., 0.],
2023-05-12T04:32:59.067869761Z          ...,
2023-05-12T04:32:59.067878113Z          [0., 0., 0.,  ..., 0., 0., 0.],
2023-05-12T04:32:59.067886567Z          [0., 0., 0.,  ..., 0., 0., 0.],
2023-05-12T04:32:59.067894787Z          [0., 0., 0.,  ..., 0., 0., 0.]],
2023-05-12T04:32:59.06790343Z 
2023-05-12T04:32:59.067911504Z         [[0., 0., 0.,  ..., 0., 0., 0.],
2023-05-12T04:32:59.067919982Z          [0., 0., 0.,  ..., 0., 0., 0.],
2023-05-12T04:32:59.067928273Z          [0., 0., 0.,  ..., 0., 0., 0.],
2023-05-12T04:32:59.067937077Z          ...,
2023-05-12T04:32:59.067945193Z          [0., 0., 0.,  ..., 0., 0., 0.],
2023-05-12T04:32:59.067953584Z          [0., 0., 0.,  ..., 0., 0., 0.],
2023-05-12T04:32:59.067961942Z          [0., 0., 0.,  ..., 0., 0., 0.]]]) 
2023-05-12T04:32:59.067970637Z labels: tensor([1, 1, 1, 1, 0, 0, 1, 1, 0, 1, 1, 0, 1, 1, 1, 1, 0, 0, 1, 1, 1, 1, 0, 1,
2023-05-12T04:32:59.067979787Z         1, 0, 1, 1, 0, 1, 0, 1])
2023-05-12T04:33:02.33074087Z 0it [00:00, ?it/s]0it [00:00, ?it/s]
2023-05-12T04:33:02.330778801Z Traceback (most recent call last):
2023-05-12T04:33:02.330788267Z   File "main.py", line 148, in <module>
2023-05-12T04:33:02.335601262Z     loss = criterion(pred_y, y)
2023-05-12T04:33:02.33564088Z NameError: name 'criterion' is not defined
2023-05-12T04:33:02.83705145Z SYSTEM: Finishing...
