2023-05-12T04:35:50.489111567Z SYSTEM: Preparing env...
2023-05-12T04:35:52.303481937Z SYSTEM: Running...
2023-05-12T04:36:09.514241818Z 调整前图片的尺寸: (257, 495, 3)
2023-05-12T04:36:09.532372504Z 调整前图片的尺寸: (50, 50, 3)
2023-05-12T04:36:09.867404107Z 0 
2023-05-12T04:36:09.990767655Z feature: tensor([[[0.0000, 0.0000, 0.0000,  ..., 0.0000, 0.0000, 0.0000],
2023-05-12T04:36:09.990791844Z          [0.0000, 0.0000, 0.0000,  ..., 0.0000, 0.0000, 0.0000],
2023-05-12T04:36:09.990802068Z          [0.0000, 0.0000, 0.0000,  ..., 0.0000, 0.0039, 0.0039],
2023-05-12T04:36:09.990811422Z          ...,
2023-05-12T04:36:09.990820418Z          [0.0000, 0.0000, 0.0000,  ..., 0.0157, 0.0039, 0.0000],
2023-05-12T04:36:09.990829108Z          [0.0000, 0.0000, 0.0000,  ..., 0.0235, 0.0039, 0.0000],
2023-05-12T04:36:09.990837819Z          [0.0000, 0.0000, 0.0000,  ..., 0.0235, 0.0039, 0.0000]],
2023-05-12T04:36:09.990849388Z 
2023-05-12T04:36:09.990857819Z         [[0.0000, 0.0000, 0.0000,  ..., 0.0000, 0.0000, 0.0000],
2023-05-12T04:36:09.990866854Z          [0.0000, 0.0000, 0.0000,  ..., 0.0000, 0.0000, 0.0000],
2023-05-12T04:36:09.990875877Z          [0.0000, 0.0000, 0.0000,  ..., 0.0000, 0.0000, 0.0000],
2023-05-12T04:36:09.990886779Z          ...,
2023-05-12T04:36:09.990895196Z          [0.0000, 0.0000, 0.0000,  ..., 0.0000, 0.0000, 0.0039],
2023-05-12T04:36:09.990903983Z          [0.0000, 0.0000, 0.0000,  ..., 0.0000, 0.0000, 0.0039],
2023-05-12T04:36:09.990914757Z          [0.0000, 0.0000, 0.0000,  ..., 0.0000, 0.0000, 0.0039]],
2023-05-12T04:36:09.990923638Z 
2023-05-12T04:36:09.990931592Z         [[0.0000, 0.0000, 0.0000,  ..., 0.0078, 0.0078, 0.0078],
2023-05-12T04:36:09.990940164Z          [0.0000, 0.0000, 0.0000,  ..., 0.0078, 0.0078, 0.0078],
2023-05-12T04:36:09.990950296Z          [0.0000, 0.0000, 0.0000,  ..., 0.0000, 0.0000, 0.0000],
2023-05-12T04:36:09.990960192Z          ...,
2023-05-12T04:36:09.990973474Z          [0.0000, 0.0000, 0.0000,  ..., 0.0000, 0.0000, 0.0000],
2023-05-12T04:36:09.990984432Z          [0.0000, 0.0000, 0.0000,  ..., 0.0000, 0.0000, 0.0000],
2023-05-12T04:36:09.990995837Z          [0.0000, 0.0000, 0.0000,  ..., 0.0000, 0.0000, 0.0000]]]) 
2023-05-12T04:36:09.991308295Z labels: tensor([0, 0, 1, 1, 1, 1, 0, 1, 1, 1, 1, 1, 0, 1, 0, 0, 1, 0, 1, 1, 1, 0, 0, 1,
2023-05-12T04:36:09.991329615Z         0, 0, 0, 0, 0, 1, 1, 1])
2023-05-12T04:36:19.012260947Z 0it [00:00, ?it/s]0it [00:00, ?it/s]
2023-05-12T04:36:19.012510972Z Traceback (most recent call last):
2023-05-12T04:36:19.012605063Z   File "main.py", line 148, in <module>
2023-05-12T04:36:19.013379569Z     loss = nn.criterion(pred_y, y)
2023-05-12T04:36:19.013397058Z AttributeError: module 'torch.nn' has no attribute 'criterion'
2023-05-12T04:36:20.124253838Z SYSTEM: Finishing...
