2023-05-12T04:21:36.293116203Z SYSTEM: Preparing env...
2023-05-12T04:21:36.644458679Z SYSTEM: Running...
2023-05-12T04:21:39.338470613Z 调整前图片的尺寸: (257, 495, 3)
2023-05-12T04:21:39.338489307Z 调整前图片的尺寸: (50, 50, 3)
2023-05-12T04:21:39.405908336Z 0 
2023-05-12T04:21:39.405925402Z feature: tensor([[[0., 0., 0.,  ..., 0., 0., 0.],
2023-05-12T04:21:39.40592821Z          [0., 0., 0.,  ..., 0., 0., 0.],
2023-05-12T04:21:39.405930898Z          [0., 0., 0.,  ..., 0., 0., 0.],
2023-05-12T04:21:39.405933311Z          ...,
2023-05-12T04:21:39.405935678Z          [0., 0., 0.,  ..., 0., 0., 0.],
2023-05-12T04:21:39.405938154Z          [0., 0., 0.,  ..., 0., 0., 0.],
2023-05-12T04:21:39.405940396Z          [0., 0., 0.,  ..., 0., 0., 0.]],
2023-05-12T04:21:39.4059427Z 
2023-05-12T04:21:39.405944947Z         [[0., 0., 0.,  ..., 0., 0., 0.],
2023-05-12T04:21:39.405947332Z          [0., 0., 0.,  ..., 0., 0., 0.],
2023-05-12T04:21:39.405949526Z          [0., 0., 0.,  ..., 0., 0., 0.],
2023-05-12T04:21:39.405951761Z          ...,
2023-05-12T04:21:39.40595395Z          [0., 0., 0.,  ..., 0., 0., 0.],
2023-05-12T04:21:39.405956322Z          [0., 0., 0.,  ..., 0., 0., 0.],
2023-05-12T04:21:39.40595857Z          [0., 0., 0.,  ..., 0., 0., 0.]],
2023-05-12T04:21:39.405963309Z 
2023-05-12T04:21:39.405965483Z         [[0., 0., 0.,  ..., 0., 0., 0.],
2023-05-12T04:21:39.405967699Z          [0., 0., 0.,  ..., 0., 0., 0.],
2023-05-12T04:21:39.405969978Z          [0., 0., 0.,  ..., 0., 0., 0.],
2023-05-12T04:21:39.405972293Z          ...,
2023-05-12T04:21:39.405974573Z          [0., 0., 0.,  ..., 0., 0., 0.],
2023-05-12T04:21:39.405976831Z          [0., 0., 0.,  ..., 0., 0., 0.],
2023-05-12T04:21:39.40597905Z          [0., 0., 0.,  ..., 0., 0., 0.]]]) 
2023-05-12T04:21:39.405981507Z labels: tensor([1, 1, 1, 0, 0, 1, 0, 0, 1, 0, 1, 1, 1, 0, 0, 1, 0, 1, 0, 1, 0, 1, 1, 1,
2023-05-12T04:21:39.405984018Z         0, 1, 1, 1, 1, 0, 1, 0])
2023-05-12T04:21:41.958937127Z 加载完成...
2023-05-12T04:21:42.131113525Z 0it [00:00, ?it/s]0it [00:00, ?it/s]
2023-05-12T04:21:42.131137326Z Traceback (most recent call last):
2023-05-12T04:21:42.131140048Z   File "untitled.py", line 150, in <module>
2023-05-12T04:21:42.13136562Z     pred_y = model(x)
2023-05-12T04:21:42.131379146Z   File "/home/jovyan/.virtualenvs/basenv/lib/python3.7/site-packages/torch/nn/modules/module.py", line 532, in __call__
2023-05-12T04:21:42.131385696Z     result = self.forward(*input, **kwargs)
2023-05-12T04:21:42.131388356Z   File "/home/jovyan/work/torch_py/MobileNetV1.py", line 36, in forward
2023-05-12T04:21:42.154754278Z     out = self.fc(x)
2023-05-12T04:21:42.15475986Z   File "/home/jovyan/.virtualenvs/basenv/lib/python3.7/site-packages/torch/nn/modules/module.py", line 532, in __call__
2023-05-12T04:21:42.154762937Z     result = self.forward(*input, **kwargs)
2023-05-12T04:21:42.154765363Z   File "/home/jovyan/.virtualenvs/basenv/lib/python3.7/site-packages/torch/nn/modules/linear.py", line 87, in forward
2023-05-12T04:21:42.154768006Z     return F.linear(input, self.weight, self.bias)
2023-05-12T04:21:42.154770515Z   File "/home/jovyan/.virtualenvs/basenv/lib/python3.7/site-packages/torch/nn/functional.py", line 1370, in linear
2023-05-12T04:21:42.154773052Z     ret = torch.addmm(bias, input, weight.t())
2023-05-12T04:21:42.154775416Z RuntimeError: size mismatch, m1: [32 x 256], m2: [128 x 2] at /pytorch/aten/src/THC/generic/THCTensorMathBlas.cu:290
2023-05-12T04:21:42.518003257Z SYSTEM: Finishing...
