2023-05-12T04:43:19.325126735Z SYSTEM: Preparing env...
2023-05-12T04:43:19.677438697Z SYSTEM: Running...
2023-05-12T04:43:22.395402636Z 调整前图片的尺寸: (257, 495, 3)
2023-05-12T04:43:22.395416215Z 调整前图片的尺寸: (50, 50, 3)
2023-05-12T04:43:22.46116689Z 0 
2023-05-12T04:43:22.4611848Z feature: tensor([[[0.0000, 0.0000, 0.0000,  ..., 0.0039, 0.0039, 0.0039],
2023-05-12T04:43:22.461188021Z          [0.0000, 0.0000, 0.0000,  ..., 0.0039, 0.0039, 0.0039],
2023-05-12T04:43:22.461190611Z          [0.0000, 0.0000, 0.0000,  ..., 0.0000, 0.0000, 0.0000],
2023-05-12T04:43:22.461193211Z          ...,
2023-05-12T04:43:22.461195774Z          [0.0000, 0.0000, 0.0000,  ..., 0.0000, 0.0000, 0.0000],
2023-05-12T04:43:22.461198321Z          [0.0000, 0.0000, 0.0000,  ..., 0.0000, 0.0000, 0.0000],
2023-05-12T04:43:22.461200619Z          [0.0000, 0.0000, 0.0000,  ..., 0.0000, 0.0000, 0.0000]],
2023-05-12T04:43:22.461202941Z 
2023-05-12T04:43:22.461205121Z         [[0.0039, 0.0000, 0.0000,  ..., 0.0000, 0.0000, 0.0000],
2023-05-12T04:43:22.461207519Z          [0.0039, 0.0000, 0.0000,  ..., 0.0000, 0.0000, 0.0000],
2023-05-12T04:43:22.461209806Z          [0.0039, 0.0000, 0.0000,  ..., 0.0000, 0.0000, 0.0000],
2023-05-12T04:43:22.461212115Z          ...,
2023-05-12T04:43:22.461214315Z          [0.0000, 0.0000, 0.0000,  ..., 0.0000, 0.0000, 0.0000],
2023-05-12T04:43:22.461216699Z          [0.0000, 0.0000, 0.0000,  ..., 0.0000, 0.0000, 0.0000],
2023-05-12T04:43:22.461219015Z          [0.0000, 0.0000, 0.0000,  ..., 0.0000, 0.0000, 0.0000]],
2023-05-12T04:43:22.461221335Z 
2023-05-12T04:43:22.461223467Z         [[0.0000, 0.0000, 0.0000,  ..., 0.0000, 0.0000, 0.0000],
2023-05-12T04:43:22.461226323Z          [0.0000, 0.0000, 0.0000,  ..., 0.0000, 0.0000, 0.0000],
2023-05-12T04:43:22.461228622Z          [0.0000, 0.0000, 0.0000,  ..., 0.0000, 0.0000, 0.0000],
2023-05-12T04:43:22.461230908Z          ...,
2023-05-12T04:43:22.461233245Z          [0.0000, 0.0000, 0.0000,  ..., 0.0000, 0.0000, 0.0000],
2023-05-12T04:43:22.461235515Z          [0.0000, 0.0000, 0.0000,  ..., 0.0000, 0.0000, 0.0000],
2023-05-12T04:43:22.46123782Z          [0.0000, 0.0000, 0.0000,  ..., 0.0000, 0.0000, 0.0000]]]) 
2023-05-12T04:43:22.461240138Z labels: tensor([1, 1, 0, 1, 0, 1, 0, 0, 1, 1, 1, 1, 1, 0, 1, 1, 1, 0, 1, 0, 1, 0, 1, 1,
2023-05-12T04:43:22.461242568Z         1, 0, 0, 1, 1, 0, 1, 1])
2023-05-12T04:43:25.174338735Z 0it [00:00, ?it/s]0it [00:00, ?it/s]
2023-05-12T04:43:25.174358592Z Traceback (most recent call last):
2023-05-12T04:43:25.174361908Z   File "train.py", line 148, in <module>
2023-05-12T04:43:25.198782821Z     loss = criterion(pred_y, y)
2023-05-12T04:43:25.198793913Z NameError: name 'criterion' is not defined
2023-05-12T04:43:25.55163982Z SYSTEM: Finishing...
