2023-05-12T04:36:50.160709294Z SYSTEM: Preparing env...
2023-05-12T04:36:50.758476809Z SYSTEM: Running...
2023-05-12T04:36:54.862298452Z 调整前图片的尺寸: (257, 495, 3)
2023-05-12T04:36:54.862984371Z 调整前图片的尺寸: (50, 50, 3)
2023-05-12T04:36:54.977973976Z 0 
2023-05-12T04:36:54.979811943Z feature: tensor([[[0.0000, 0.0000, 0.0000,  ..., 0.0000, 0.0000, 0.0000],
2023-05-12T04:36:54.979823579Z          [0.0000, 0.0000, 0.0000,  ..., 0.0039, 0.0039, 0.0000],
2023-05-12T04:36:54.979832299Z          [0.0000, 0.0000, 0.0000,  ..., 0.0000, 0.0000, 0.0000],
2023-05-12T04:36:54.979841296Z          ...,
2023-05-12T04:36:54.979849659Z          [0.0000, 0.0000, 0.0078,  ..., 0.0000, 0.0078, 0.0000],
2023-05-12T04:36:54.979858311Z          [0.0118, 0.0039, 0.0000,  ..., 0.0039, 0.0000, 0.0000],
2023-05-12T04:36:54.979866917Z          [0.0000, 0.0000, 0.0039,  ..., 0.0000, 0.0000, 0.0078]],
2023-05-12T04:36:54.979875574Z 
2023-05-12T04:36:54.979883398Z         [[0.0000, 0.0000, 0.0000,  ..., 0.0000, 0.0000, 0.0000],
2023-05-12T04:36:54.979891957Z          [0.0000, 0.0000, 0.0000,  ..., 0.0039, 0.0039, 0.0000],
2023-05-12T04:36:54.979901984Z          [0.0000, 0.0000, 0.0000,  ..., 0.0039, 0.0039, 0.0039],
2023-05-12T04:36:54.980000735Z          ...,
2023-05-12T04:36:54.980020565Z          [0.0000, 0.0000, 0.0078,  ..., 0.0000, 0.0078, 0.0000],
2023-05-12T04:36:54.98003005Z          [0.0118, 0.0039, 0.0000,  ..., 0.0039, 0.0000, 0.0000],
2023-05-12T04:36:54.980039015Z          [0.0000, 0.0000, 0.0039,  ..., 0.0000, 0.0000, 0.0078]],
2023-05-12T04:36:54.98004838Z 
2023-05-12T04:36:54.980056971Z         [[0.0000, 0.0000, 0.0078,  ..., 0.0000, 0.0000, 0.0000],
2023-05-12T04:36:54.98006591Z          [0.0000, 0.0000, 0.0078,  ..., 0.0039, 0.0039, 0.0000],
2023-05-12T04:36:54.980074455Z          [0.0000, 0.0000, 0.0078,  ..., 0.0000, 0.0000, 0.0000],
2023-05-12T04:36:54.980083105Z          ...,
2023-05-12T04:36:54.98009119Z          [0.0000, 0.0000, 0.0078,  ..., 0.0000, 0.0078, 0.0000],
2023-05-12T04:36:54.980100137Z          [0.0118, 0.0039, 0.0000,  ..., 0.0039, 0.0000, 0.0000],
2023-05-12T04:36:54.980108975Z          [0.0000, 0.0000, 0.0039,  ..., 0.0000, 0.0000, 0.0078]]]) 
2023-05-12T04:36:54.981864796Z labels: tensor([0, 0, 1, 1, 0, 0, 1, 1, 1, 0, 0, 0, 0, 0, 1, 0, 1, 0, 1, 0, 0, 1, 0, 1,
2023-05-12T04:36:54.98187765Z         1, 1, 0, 0, 1, 0, 0, 0])
2023-05-12T04:36:58.285695097Z 0it [00:00, ?it/s]0it [00:00, ?it/s]
2023-05-12T04:36:58.285734841Z Traceback (most recent call last):
2023-05-12T04:36:58.285747635Z   File "main.py", line 148, in <module>
2023-05-12T04:36:58.286042759Z     loss = criterion(pred_y, y)
2023-05-12T04:36:58.286080915Z NameError: name 'criterion' is not defined
2023-05-12T04:36:58.788766363Z SYSTEM: Finishing...
