2023-05-12T04:10:01.991268424Z SYSTEM: Preparing env...
2023-05-12T04:10:02.346612066Z SYSTEM: Running...
2023-05-12T04:10:05.051074146Z 调整前图片的尺寸: (257, 495, 3)
2023-05-12T04:10:05.051090484Z 调整前图片的尺寸: (50, 50, 3)
2023-05-12T04:10:05.129591493Z 0 
2023-05-12T04:10:05.129603543Z feature: tensor([[[0.0000, 0.0000, 0.0000,  ..., 0.0000, 0.0000, 0.0000],
2023-05-12T04:10:05.129605991Z          [0.0000, 0.0000, 0.0000,  ..., 0.0039, 0.0039, 0.0039],
2023-05-12T04:10:05.129608418Z          [0.0000, 0.0000, 0.0000,  ..., 0.0392, 0.0392, 0.0471],
2023-05-12T04:10:05.129610958Z          ...,
2023-05-12T04:10:05.129613405Z          [0.0588, 0.0784, 0.0510,  ..., 0.0118, 0.0000, 0.0000],
2023-05-12T04:10:05.129615857Z          [0.0000, 0.0000, 0.0039,  ..., 0.0118, 0.0039, 0.0000],
2023-05-12T04:10:05.12961812Z          [0.0000, 0.0000, 0.0000,  ..., 0.0118, 0.0039, 0.0000]],
2023-05-12T04:10:05.129620473Z 
2023-05-12T04:10:05.129622722Z         [[0.0078, 0.0078, 0.0118,  ..., 0.0078, 0.0078, 0.0078],
2023-05-12T04:10:05.12962503Z          [0.0078, 0.0078, 0.0039,  ..., 0.0000, 0.0000, 0.0000],
2023-05-12T04:10:05.129627318Z          [0.0000, 0.0000, 0.0000,  ..., 0.0000, 0.0000, 0.0000],
2023-05-12T04:10:05.129629625Z          ...,
2023-05-12T04:10:05.129631888Z          [0.0000, 0.0078, 0.0000,  ..., 0.0000, 0.0000, 0.0000],
2023-05-12T04:10:05.129634179Z          [0.0039, 0.0039, 0.0000,  ..., 0.0000, 0.0039, 0.0000],
2023-05-12T04:10:05.129636437Z          [0.0196, 0.0118, 0.0235,  ..., 0.0000, 0.0039, 0.0000]],
2023-05-12T04:10:05.129638728Z 
2023-05-12T04:10:05.12964092Z         [[0.0000, 0.0000, 0.0118,  ..., 0.0078, 0.0078, 0.0078],
2023-05-12T04:10:05.129643183Z          [0.0039, 0.0118, 0.0078,  ..., 0.0000, 0.0000, 0.0000],
2023-05-12T04:10:05.129645442Z          [0.0078, 0.0078, 0.0078,  ..., 0.0000, 0.0000, 0.0000],
2023-05-12T04:10:05.129647718Z          ...,
2023-05-12T04:10:05.129649984Z          [0.0000, 0.0000, 0.0000,  ..., 0.0000, 0.0000, 0.0000],
2023-05-12T04:10:05.129652237Z          [0.0000, 0.0000, 0.0000,  ..., 0.0000, 0.0000, 0.0000],
2023-05-12T04:10:05.129654482Z          [0.0196, 0.0078, 0.0196,  ..., 0.0000, 0.0000, 0.0000]]]) 
2023-05-12T04:10:05.129656768Z labels: tensor([1, 1, 1, 1, 0, 0, 1, 0, 0, 0, 0, 0, 1, 0, 0, 1, 1, 0, 1, 1, 1, 1, 1, 1,
2023-05-12T04:10:05.129659151Z         0, 1, 0, 1, 0, 0, 1, 1])
2023-05-12T04:10:07.69736085Z 加载完成...
2023-05-12T04:10:09.109395577Z 0it [00:00, ?it/s]1it [00:00,  4.98it/s]3it [00:00,  6.24it/s]5it [00:00,  7.60it/s]7it [00:00,  8.95it/s]9it [00:00, 10.24it/s]11it [00:00, 11.38it/s]13it [00:00, 12.37it/s]15it [00:01, 13.22it/s]17it [00:01, 13.85it/s]19it [00:01, 14.54it/s]20it [00:01, 14.17it/s]
2023-05-12T04:10:09.10941864Z step:1/2 || Total Loss: 0.6150
2023-05-12T04:10:09.827832123Z 0it [00:00, ?it/s]3it [00:00, 27.29it/s]6it [00:00, 27.03it/s]9it [00:00, 26.87it/s]12it [00:00, 27.26it/s]15it [00:00, 27.66it/s]18it [00:00, 28.02it/s]20it [00:00, 27.85it/s]
2023-05-12T04:10:09.827843704Z step:2/2 || Total Loss: 0.4609
2023-05-12T04:10:09.833592832Z Finish Training.
2023-05-12T04:10:10.015132037Z all_num: 4 mask_num 0
2023-05-12T04:10:10.194763745Z 2 2
2023-05-12T04:10:10.57699821Z SYSTEM: Finishing...
